{"content": {"suites": {"0": {"status": {"total_pass": 0, "total_skip": 0, "total_xpass": 0, "total_xfail": 0, "total_rerun": 0, "total_fail": 1, "total_error": 0}, "tests": {"0": {"status": "FAIL", "message": "   AssertionError: assert 'Success! Thank yo u!' in '\u00d7\\nSuccess! Thank you! Your order will be delivered in next few weeks :-).'\n", "test_name": "test_e2e2", "rerun": "0"}}, "suite_name": "test_e2e.py"}, "1": {"suite_name": "test_homePage.py", "tests": {"0": {"status": "FAIL", "message": "       selenium.common.exceptions.NoSuchElementException: Message: Could not locate element with visible text: c; For documentation on this error, please visit: https://www.selenium.dev/documentation/webdriver/troubleshooting/errors#no-such-element-exception\n", "test_name": "test_HomePage[getData0]", "rerun": "0"}, "1": {"status": "PASS", "message": "", "test_name": "test_HomePage[getData1]", "rerun": "0"}, "2": {"status": "PASS", "message": "", "test_name": "test_HomePage[getData2]", "rerun": "0"}, "3": {"status": "FAIL", "message": "       selenium.common.exceptions.NoSuchElementException: Message: Could not locate element with visible text: c; For documentation on this error, please visit: https://www.selenium.dev/documentation/webdriver/troubleshooting/errors#no-such-element-exception\n", "test_name": "test_HomePage[getData3]", "rerun": "0"}, "4": {"status": "FAIL", "message": "       selenium.common.exceptions.NoSuchElementException: Message: Could not locate element with visible text: f; For documentation on this error, please visit: https://www.selenium.dev/documentation/webdriver/troubleshooting/errors#no-such-element-exception\n", "test_name": "test_HomePage[getData4]", "rerun": "0"}, "5": {"status": "FAIL", "message": "       selenium.common.exceptions.NoSuchElementException: Message: Could not locate element with visible text: c; For documentation on this error, please visit: https://www.selenium.dev/documentation/webdriver/troubleshooting/errors#no-such-element-exception\n", "test_name": "test_HomePage[getData5]", "rerun": "0"}}, "status": {"total_pass": 2, "total_skip": 0, "total_xpass": 0, "total_xfail": 0, "total_rerun": 0, "total_fail": 4, "total_error": 0}}}}, "date": "January 12, 2025", "start_time": 1736666778.5548167, "total_suite": 2, "status": "FAIL", "status_list": {"pass": "2", "fail": "5", "skip": "0", "error": "0", "xpass": "0", "xfail": "0", "rerun": "0"}, "total_tests": "7"}